<?xml version="1.0" encoding="UTF-8"?>
<testng-results ignored="0" total="1" passed="1" failed="0" skipped="0">
  <reporter-output>
  </reporter-output>
  <suite started-at="2023-02-03T15:31:50 IST" name="Default suite" finished-at="2023-02-03T15:33:22 IST" duration-ms="92136">
    <groups>
    </groups>
    <test started-at="2023-02-03T15:31:50 IST" name="Default test" finished-at="2023-02-03T15:33:22 IST" duration-ms="92136">
      <class name="com.bankingProject.loginpage.NewCustomerTest">
        <test-method is-config="true" signature="setup()[pri:0, instance:com.bankingProject.loginpage.NewCustomerTest@44ebcd03]" started-at="2023-02-03T15:31:50 IST" name="setup" finished-at="2023-02-03T15:32:36 IST" duration-ms="45568" status="PASS">
          <reporter-output>
          </reporter-output>
        </test-method> <!-- setup -->
        <test-method signature="fillDetails()[pri:0, instance:com.bankingProject.loginpage.NewCustomerTest@44ebcd03]" started-at="2023-02-03T15:32:36 IST" name="fillDetails" finished-at="2023-02-03T15:33:21 IST" duration-ms="45475" status="PASS">
          <reporter-output>
          </reporter-output>
        </test-method> <!-- fillDetails -->
        <test-method is-config="true" signature="tearDown()[pri:0, instance:com.bankingProject.loginpage.NewCustomerTest@44ebcd03]" started-at="2023-02-03T15:33:21 IST" name="tearDown" finished-at="2023-02-03T15:33:22 IST" duration-ms="831" status="PASS">
          <reporter-output>
          </reporter-output>
        </test-method> <!-- tearDown -->
      </class> <!-- com.bankingProject.loginpage.NewCustomerTest -->
    </test> <!-- Default test -->
  </suite> <!-- Default suite -->
</testng-results>
