<?xml version="1.0" encoding="UTF-8"?>
<testng-results ignored="0" total="1" passed="1" failed="0" skipped="0">
  <reporter-output>
  </reporter-output>
  <suite started-at="2023-01-21T13:22:10 IST" name="Default suite" finished-at="2023-01-21T13:22:22 IST" duration-ms="12544">
    <groups>
    </groups>
    <test started-at="2023-01-21T13:22:10 IST" name="Default test" finished-at="2023-01-21T13:22:22 IST" duration-ms="12544">
      <class name="com.bankingProject.base.LoginPageTest">
        <test-method is-config="true" signature="setUp()[pri:0, instance:com.bankingProject.base.LoginPageTest@43195e57]" started-at="2023-01-21T13:22:10 IST" name="setUp" finished-at="2023-01-21T13:22:22 IST" duration-ms="11815" status="PASS">
          <reporter-output>
          </reporter-output>
        </test-method> <!-- setUp -->
        <test-method signature="testTitle()[pri:0, instance:com.bankingProject.base.LoginPageTest@43195e57]" started-at="2023-01-21T13:22:22 IST" name="testTitle" finished-at="2023-01-21T13:22:22 IST" duration-ms="35" status="PASS">
          <reporter-output>
          </reporter-output>
        </test-method> <!-- testTitle -->
        <test-method is-config="true" signature="tearDown()[pri:0, instance:com.bankingProject.base.LoginPageTest@43195e57]" started-at="2023-01-21T13:22:22 IST" name="tearDown" finished-at="2023-01-21T13:22:22 IST" duration-ms="557" status="PASS">
          <reporter-output>
          </reporter-output>
        </test-method> <!-- tearDown -->
      </class> <!-- com.bankingProject.base.LoginPageTest -->
    </test> <!-- Default test -->
  </suite> <!-- Default suite -->
</testng-results>
